# JRE version: OpenJDK Runtime Environment (11.0.11+9) (build 11.0.11+9-b60-7590822)
# Java VM: OpenJDK 64-Bit Server VM (11.0.11+9-b60-7590822, mixed mode, tiered, compressed oops, g1 gc, windows-amd64)
Heap:
 garbage-first heap   total 260096K, used 192416K [0x0000000080000000, 0x0000000100000000)
  region size 1024K, 27 young (27648K), 1 survivors (1024K)
 Metaspace       used 158835K, capacity 163665K, committed 163916K, reserved 1191936K
  class space    used 19806K, capacity 21513K, committed 21580K, reserved 1048576K
GC Heap History (20 events):
Event: 3271.077 GC heap before
{Heap before GC invocations=80 (full 0):
 garbage-first heap   total 260096K, used 219487K [0x0000000080000000, 0x0000000100000000)
  region size 1024K, 27 young (27648K), 5 survivors (5120K)
 Metaspace       used 157020K, capacity 161884K, committed 162252K, reserved 1189888K
  class space    used 19590K, capacity 21329K, committed 21452K, reserved 1048576K
}
Event: 3271.085 GC heap after
{Heap after GC invocations=81 (full 0):
 garbage-first heap   total 260096K, used 183824K [0x0000000080000000, 0x0000000100000000)
  region size 1024K, 2 young (2048K), 2 survivors (2048K)
 Metaspace       used 157020K, capacity 161884K, committed 162252K, reserved 1189888K
  class space    used 19590K, capacity 21329K, committed 21452K, reserved 1048576K
}
Event: 3271.141 GC heap before
{Heap before GC invocations=81 (full 0):
 garbage-first heap   total 260096K, used 193040K [0x0000000080000000, 0x0000000100000000)
  region size 1024K, 12 young (12288K), 2 survivors (2048K)
 Metaspace       used 157151K, capacity 161982K, committed 162252K, reserved 1189888K
  class space    used 19609K, capacity 21361K, committed 21452K, reserved 1048576K
}
Event: 3271.149 GC heap after
{Heap after GC invocations=82 (full 0):
 garbage-first heap   total 260096K, used 181209K [0x0000000080000000, 0x0000000100000000)
  region size 1024K, 2 young (2048K), 2 survivors (2048K)
 Metaspace       used 157151K, capacity 161982K, committed 162252K, reserved 1189888K
  class space    used 19609K, capacity 21361K, committed 21452K, reserved 1048576K
}
Event: 3271.412 GC heap before
{Heap before GC invocations=82 (full 0):
 garbage-first heap   total 260096K, used 205785K [0x0000000080000000, 0x0000000100000000)
  region size 1024K, 27 young (27648K), 2 survivors (2048K)
 Metaspace       used 158087K, capacity 162932K, committed 163148K, reserved 1191936K
  class space    used 19725K, capacity 21464K, committed 21580K, reserved 1048576K
}
Event: 3271.418 GC heap after
{Heap after GC invocations=83 (full 0):
 garbage-first heap   total 260096K, used 184066K [0x0000000080000000, 0x0000000100000000)
  region size 1024K, 4 young (4096K), 4 survivors (4096K)
 Metaspace       used 158087K, capacity 162932K, committed 163148K, reserved 1191936K
  class space    used 19725K, capacity 21464K, committed 21580K, reserved 1048576K
}
Event: 3271.932 GC heap before
{Heap before GC invocations=84 (full 0):
 garbage-first heap   total 260096K, used 208642K [0x0000000080000000, 0x0000000100000000)
  region size 1024K, 29 young (29696K), 4 survivors (4096K)
 Metaspace       used 158521K, capacity 163392K, committed 163660K, reserved 1191936K
  class space    used 19774K, capacity 21509K, committed 21580K, reserved 1048576K
}
Event: 3271.938 GC heap after
{Heap after GC invocations=85 (full 0):
 garbage-first heap   total 260096K, used 184914K [0x0000000080000000, 0x0000000100000000)
  region size 1024K, 2 young (2048K), 2 survivors (2048K)
 Metaspace       used 158521K, capacity 163392K, committed 163660K, reserved 1191936K
  class space    used 19774K, capacity 21509K, committed 21580K, reserved 1048576K
}
Event: 3271.971 GC heap before
{Heap before GC invocations=85 (full 0):
 garbage-first heap   total 260096K, used 194130K [0x0000000080000000, 0x0000000100000000)
  region size 1024K, 12 young (12288K), 2 survivors (2048K)
 Metaspace       used 158524K, capacity 163392K, committed 163660K, reserved 1191936K
  class space    used 19774K, capacity 21509K, committed 21580K, reserved 1048576K
}
Event: 3271.983 GC heap after
{Heap after GC invocations=86 (full 0):
 garbage-first heap   total 260096K, used 172543K [0x0000000080000000, 0x0000000100000000)
  region size 1024K, 2 young (2048K), 2 survivors (2048K)
 Metaspace       used 158524K, capacity 163392K, committed 163660K, reserved 1191936K
  class space    used 19774K, capacity 21509K, committed 21580K, reserved 1048576K
}
Event: 3272.298 GC heap before
{Heap before GC invocations=86 (full 0):
 garbage-first heap   total 260096K, used 203263K [0x0000000080000000, 0x0000000100000000)
  region size 1024K, 33 young (33792K), 2 survivors (2048K)
 Metaspace       used 158775K, capacity 163588K, committed 163660K, reserved 1191936K
  class space    used 19800K, capacity 21510K, committed 21580K, reserved 1048576K
}
Event: 3272.304 GC heap after
{Heap after GC invocations=87 (full 0):
 garbage-first heap   total 260096K, used 172976K [0x0000000080000000, 0x0000000100000000)
  region size 1024K, 2 young (2048K), 2 survivors (2048K)
 Metaspace       used 158775K, capacity 163588K, committed 163660K, reserved 1191936K
  class space    used 19800K, capacity 21510K, committed 21580K, reserved 1048576K
}
Event: 3272.523 GC heap before
{Heap before GC invocations=87 (full 0):
 garbage-first heap   total 260096K, used 204720K [0x0000000080000000, 0x0000000100000000)
  region size 1024K, 35 young (35840K), 2 survivors (2048K)
 Metaspace       used 158783K, capacity 163588K, committed 163660K, reserved 1191936K
  class space    used 19800K, capacity 21510K, committed 21580K, reserved 1048576K
}
Event: 3272.528 GC heap after
{Heap after GC invocations=88 (full 0):
 garbage-first heap   total 260096K, used 171854K [0x0000000080000000, 0x0000000100000000)
  region size 1024K, 2 young (2048K), 2 survivors (2048K)
 Metaspace       used 158783K, capacity 163588K, committed 163660K, reserved 1191936K
  class space    used 19800K, capacity 21510K, committed 21580K, reserved 1048576K
}
Event: 3272.821 GC heap before
{Heap before GC invocations=89 (full 0):
 garbage-first heap   total 260096K, used 206670K [0x0000000080000000, 0x0000000100000000)
  region size 1024K, 37 young (37888K), 2 survivors (2048K)
 Metaspace       used 158784K, capacity 163588K, committed 163660K, reserved 1191936K
  class space    used 19800K, capacity 21510K, committed 21580K, reserved 1048576K
}
Event: 3272.824 GC heap after
{Heap after GC invocations=90 (full 0):
 garbage-first heap   total 260096K, used 171874K [0x0000000080000000, 0x0000000100000000)
  region size 1024K, 2 young (2048K), 2 survivors (2048K)
 Metaspace       used 158784K, capacity 163588K, committed 163660K, reserved 1191936K
  class space    used 19800K, capacity 21510K, committed 21580K, reserved 1048576K
}
Event: 3272.877 GC heap before
{Heap before GC invocations=90 (full 0):
 garbage-first heap   total 260096K, used 182114K [0x0000000080000000, 0x0000000100000000)
  region size 1024K, 12 young (12288K), 2 survivors (2048K)
 Metaspace       used 158786K, capacity 163588K, committed 163660K, reserved 1191936K
  class space    used 19800K, capacity 21510K, committed 21580K, reserved 1048576K
}
Event: 3272.887 GC heap after
{Heap after GC invocations=91 (full 0):
 garbage-first heap   total 260096K, used 164674K [0x0000000080000000, 0x0000000100000000)
  region size 1024K, 1 young (1024K), 1 survivors (1024K)
 Metaspace       used 158786K, capacity 163588K, committed 163660K, reserved 1191936K
  class space    used 19800K, capacity 21510K, committed 21580K, reserved 1048576K
}
Event: 3273.271 GC heap before
{Heap before GC invocations=91 (full 0):
 garbage-first heap   total 260096K, used 200514K [0x0000000080000000, 0x0000000100000000)
  region size 1024K, 37 young (37888K), 1 survivors (1024K)
 Metaspace       used 158813K, capacity 163661K, committed 163916K, reserved 1191936K
  class space    used 19804K, capacity 21513K, committed 21580K, reserved 1048576K
}
Event: 3273.278 GC heap after
{Heap after GC invocations=92 (full 0):
 garbage-first heap   total 260096K, used 164768K [0x0000000080000000, 0x0000000100000000)
  region size 1024K, 1 young (1024K), 1 survivors (1024K)
 Metaspace       used 158813K, capacity 163661K, committed 163916K, reserved 1191936K
  class space    used 19804K, capacity 21513K, committed 21580K, reserved 1048576K
}

